<?xml version="1.0" encoding="UTF-8" ?>
<testsuite failures="0" time="0.008" errors="0" skipped="0" tests="33" name="com.cobertura.triangle.test.TriangleTest">
  <properties>
[...]
</properties>
  <testcase time="0.005" classname="com.cobertura.triangle.test.TriangleTest" name="test4"/>
  <testcase time="0" classname="com.cobertura.triangle.test.TriangleTest" name="test5"/>
  <testcase time="0" classname="com.cobertura.triangle.test.TriangleTest" name="test8"/>
  <testcase time="0" classname="com.cobertura.triangle.test.TriangleTest" name="test9"/>
  <testcase time="0" classname="com.cobertura.triangle.test.TriangleTest" name="test10"/>
  <testcase time="0" classname="com.cobertura.triangle.test.TriangleTest" name="test30"/>
  <testcase time="0" classname="com.cobertura.triangle.test.TriangleTest" name="test31"/>
  <testcase time="0" classname="com.cobertura.triangle.test.TriangleTest" name="test32"/>
  <testcase time="0" classname="com.cobertura.triangle.test.TriangleTest" name="test33"/>
  <testcase time="0" classname="com.cobertura.triangle.test.TriangleTest" name="test2"/>
  <testcase time="0" classname="com.cobertura.triangle.test.TriangleTest" name="test19"/>
  <testcase time="0" classname="com.cobertura.triangle.test.TriangleTest" name="test20"/>
  <testcase time="0" classname="com.cobertura.triangle.test.TriangleTest" name="test21"/>
  <testcase time="0" classname="com.cobertura.triangle.test.TriangleTest" name="test22"/>
  <testcase time="0" classname="com.cobertura.triangle.test.TriangleTest" name="test23"/>
  <testcase time="0" classname="com.cobertura.triangle.test.TriangleTest" name="test24"/>
  <testcase time="0" classname="com.cobertura.triangle.test.TriangleTest" name="test25"/>
  <testcase time="0" classname="com.cobertura.triangle.test.TriangleTest" name="test26"/>
  <testcase time="0" classname="com.cobertura.triangle.test.TriangleTest" name="test27"/>
  <testcase time="0" classname="com.cobertura.triangle.test.TriangleTest" name="test28"/>
  <testcase time="0" classname="com.cobertura.triangle.test.TriangleTest" name="test29"/>
  <testcase time="0" classname="com.cobertura.triangle.test.TriangleTest" name="test11"/>
  <testcase time="0" classname="com.cobertura.triangle.test.TriangleTest" name="test12"/>
  <testcase time="0" classname="com.cobertura.triangle.test.TriangleTest" name="test13"/>
  <testcase time="0" classname="com.cobertura.triangle.test.TriangleTest" name="test14"/>
  <testcase time="0" classname="com.cobertura.triangle.test.TriangleTest" name="test1"/>
  <testcase time="0" classname="com.cobertura.triangle.test.TriangleTest" name="test6"/>
  <testcase time="0" classname="com.cobertura.triangle.test.TriangleTest" name="test7"/>
  <testcase time="0" classname="com.cobertura.triangle.test.TriangleTest" name="test3"/>
  <testcase time="0" classname="com.cobertura.triangle.test.TriangleTest" name="test15"/>
  <testcase time="0.003" classname="com.cobertura.triangle.test.TriangleTest" name="test16"/>
  <testcase time="0" classname="com.cobertura.triangle.test.TriangleTest" name="test17"/>
  <testcase time="0" classname="com.cobertura.triangle.test.TriangleTest" name="test18"/>
</testsuite>